yolov3_full_ship
net.optimized_memory = 0 
mini_batch = 1, batch = 64, time_steps = 1, train = 1 
Create CUDA-stream - 0 
 Create cudnn-handle 0 
Learning Rate: 0.001, Momentum: 0.9, Decay: 0.0005
 Detection layer: 82 - type = 28 
 Detection layer: 94 - type = 28 
 Detection layer: 106 - type = 28 
Resizing, random_coef = 1.40 

 608 x 608 
 try to allocate additional workspace_size = 52.43 MB 
 CUDA allocate done! 
Loaded: 0.000000 seconds

 1: 2267.640625, 2267.640625 avg loss, 0.000000 rate, 34.456000 seconds, 64 images, -1.000000 hours left
Loaded: 0.000000 seconds

 2: 2262.160645, 2267.092529 avg loss, 0.000000 rate, 34.489000 seconds, 128 images, 124.414874 hours left
Loaded: 0.000000 seconds

 3: 2267.576416, 2267.140869 avg loss, 0.000000 rate, 34.382000 seconds, 192 images, 124.415969 hours left
Loaded: 0.000000 seconds

 4: 2268.552734, 2267.281982 avg loss, 0.000000 rate, 34.407000 seconds, 256 images, 124.413095 hours left
Loaded: 0.000000 seconds

 5: 2263.053467, 2266.859131 avg loss, 0.000000 rate, 34.516000 seconds, 320 images, 124.411057 hours left
Loaded: 0.000000 seconds

 6: 2266.196045, 2266.792725 avg loss, 0.000000 rate, 34.458000 seconds, 384 images, 124.412878 hours left
Loaded: 0.000000 seconds

 7: 2264.124512, 2266.525879 avg loss, 0.000000 rate, 34.504000 seconds, 448 images, 124.412492 hours left
Loaded: 0.000000 seconds

 8: 2265.008789, 2266.374268 avg loss, 0.000000 rate, 34.519000 seconds, 512 images, 124.413674 hours left
Loaded: 0.000000 seconds

 9: 2267.289551, 2266.465820 avg loss, 0.000000 rate, 34.467000 seconds, 576 images, 124.415289 hours left
Loaded: 0.000000 seconds

 10: 2264.780762, 2266.297363 avg loss, 0.000000 rate, 34.526000 seconds, 640 images, 124.414917 hours left
Resizing, random_coef = 1.40 

 352 x 352 
 try to allocate additional workspace_size = 52.43 MB 
 CUDA allocate done! 
Loaded: 0.001000 seconds

 11: 775.482544, 2117.215820 avg loss, 0.000000 rate, 16.667000 seconds, 704 images, 124.416581 hours left
Loaded: 0.000000 seconds

 12: 775.760132, 1983.070312 avg loss, 0.000000 rate, 16.672000 seconds, 768 images, 123.773805 hours left
Loaded: 0.000000 seconds

 13: 777.521179, 1862.515381 avg loss, 0.000000 rate, 16.657000 seconds, 832 images, 123.137556 hours left
Loaded: 0.000000 seconds

 14: 777.403748, 1754.004272 avg loss, 0.000000 rate, 16.645000 seconds, 896 images, 122.507082 hours left
Loaded: 0.000000 seconds

 15: 776.473267, 1656.251221 avg loss, 0.000000 rate, 16.687000 seconds, 960 images, 121.882433 hours left
Loaded: 0.000000 seconds

 16: 776.830017, 1568.309082 avg loss, 0.000000 rate, 16.658000 seconds, 1024 images, 121.265500 hours left
Loaded: 0.000000 seconds

 17: 776.100220, 1489.088257 avg loss, 0.000000 rate, 16.653000 seconds, 1088 images, 120.653643 hours left
Loaded: 0.000000 seconds

 18: 776.101807, 1417.789551 avg loss, 0.000000 rate, 16.668000 seconds, 1152 images, 120.047679 hours left
Loaded: 0.000000 seconds

 19: 777.415283, 1353.752075 avg loss, 0.000000 rate, 16.681000 seconds, 1216 images, 119.448268 hours left
Loaded: 0.000000 seconds

 20: 775.550842, 1295.932007 avg loss, 0.000000 rate, 16.637000 seconds, 1280 images, 118.855275 hours left
Resizing, random_coef = 1.40 

 576 x 576 
 try to allocate additional workspace_size = 52.43 MB 
 CUDA allocate done! 
Loaded: 0.000000 seconds

 21: 2036.927124, 1370.031494 avg loss, 0.000000 rate, 31.712000 seconds, 1344 images, 118.266578 hours left
Loaded: 0.000000 seconds

 22: 2034.754150, 1436.503784 avg loss, 0.000000 rate, 31.710000 seconds, 1408 images, 118.227218 hours left
Loaded: 0.000000 seconds

 23: 2038.389404, 1496.692383 avg loss, 0.000000 rate, 31.679000 seconds, 1472 images, 118.188092 hours left
Loaded: 0.000000 seconds

 24: 2034.156250, 1550.438721 avg loss, 0.000000 rate, 31.671000 seconds, 1536 images, 118.148151 hours left
Loaded: 0.000000 seconds

 25: 2034.066895, 1598.801514 avg loss, 0.000000 rate, 31.683000 seconds, 1600 images, 118.108269 hours left
Loaded: 0.000000 seconds

 26: 2036.888672, 1642.610229 avg loss, 0.000000 rate, 31.698000 seconds, 1664 images, 118.069094 hours left
Loaded: 0.000000 seconds

 27: 2037.571167, 1682.106323 avg loss, 0.000000 rate, 31.654000 seconds, 1728 images, 118.030764 hours left
Loaded: 0.000000 seconds

 28: 2032.661011, 1717.161743 avg loss, 0.000000 rate, 31.682000 seconds, 1792 images, 117.991143 hours left
Loaded: 0.000000 seconds

 29: 2037.352905, 1749.180908 avg loss, 0.000000 rate, 31.668000 seconds, 1856 images, 117.952840 hours left
Loaded: 0.000000 seconds

 30: 2034.002930, 1777.663086 avg loss, 0.000000 rate, 31.665000 seconds, 1920 images, 117.914327 hours left
Resizing, random_coef = 1.40 

 512 x 512 
 try to allocate additional workspace_size = 52.43 MB 
 CUDA allocate done! 
Loaded: 0.000000 seconds

 31: 1616.416504, 1761.538452 avg loss, 0.000000 rate, 23.412000 seconds, 1984 images, 117.876004 hours left
Loaded: 0.000000 seconds

 32: 1612.098999, 1746.594482 avg loss, 0.000000 rate, 23.438000 seconds, 2048 images, 117.540661 hours left
Loaded: 0.000000 seconds

 33: 1617.557373, 1733.690796 avg loss, 0.000000 rate, 23.481000 seconds, 2112 images, 117.209543 hours left
Loaded: 0.001000 seconds

 34: 1611.713257, 1721.493042 avg loss, 0.000000 rate, 23.421000 seconds, 2176 images, 116.883220 hours left
Loaded: 0.000000 seconds

 35: 1610.598267, 1710.403564 avg loss, 0.000000 rate, 23.420000 seconds, 2240 images, 116.557970 hours left
Loaded: 0.000000 seconds

 36: 1612.991089, 1700.662354 avg loss, 0.000000 rate, 23.430000 seconds, 2304 images, 116.235836 hours left
Loaded: 0.000000 seconds

 37: 1610.206421, 1691.616699 avg loss, 0.000000 rate, 23.388000 seconds, 2368 images, 115.917218 hours left
Loaded: 0.000000 seconds

 38: 1606.536011, 1683.108643 avg loss, 0.000000 rate, 23.419000 seconds, 2432 images, 115.600209 hours left
Loaded: 0.001000 seconds

 39: 1604.832397, 1675.281006 avg loss, 0.000000 rate, 23.453000 seconds, 2496 images, 115.287421 hours left
Loaded: 0.000000 seconds

 40: 1607.623169, 1668.515259 avg loss, 0.000000 rate, 23.428000 seconds, 2560 images, 114.978956 hours left
Resizing, random_coef = 1.40 

 608 x 608 
 try to allocate additional workspace_size = 52.43 MB 
 CUDA allocate done! 
Loaded: 0.000000 seconds

 41: 2248.340332, 1726.497803 avg loss, 0.000000 rate, 34.476000 seconds, 2624 images, 114.672574 hours left
Loaded: 0.001000 seconds

 42: 2247.631836, 1778.611206 avg loss, 0.000000 rate, 34.459000 seconds, 2688 images, 114.766889 hours left
Loaded: 0.000000 seconds

 43: 2239.947754, 1824.744873 avg loss, 0.000000 rate, 34.432000 seconds, 2752 images, 114.859588 hours left
Loaded: 0.000000 seconds

 44: 2240.767090, 1866.347046 avg loss, 0.000000 rate, 34.432000 seconds, 2816 images, 114.950257 hours left
Loaded: 0.000000 seconds

 45: 2234.578125, 1903.170166 avg loss, 0.000000 rate, 34.527000 seconds, 2880 images, 115.039924 hours left
Loaded: 0.001000 seconds

 46: 2229.575684, 1935.810669 avg loss, 0.000000 rate, 34.501000 seconds, 2944 images, 115.132017 hours left
Loaded: 0.000000 seconds

 47: 2226.249512, 1964.854492 avg loss, 0.000000 rate, 34.420000 seconds, 3008 images, 115.222194 hours left
Loaded: 0.000000 seconds

 48: 2225.955566, 1990.964600 avg loss, 0.000000 rate, 34.406000 seconds, 3072 images, 115.308423 hours left
Loaded: 0.000000 seconds

 49: 2215.635254, 2013.431641 avg loss, 0.000000 rate, 34.493000 seconds, 3136 images, 115.393190 hours left
Loaded: 0.000000 seconds

 50: 2214.417480, 2033.530273 avg loss, 0.000000 rate, 34.387000 seconds, 3200 images, 115.480144 hours left
Resizing, random_coef = 1.40 

 512 x 512 
 try to allocate additional workspace_size = 52.43 MB 
 CUDA allocate done! 
Loaded: 0.000000 seconds

 51: 1573.812012, 1987.558472 avg loss, 0.000000 rate, 23.435000 seconds, 3264 images, 115.562355 hours left
Loaded: 0.000000 seconds

 52: 1567.014160, 1945.504028 avg loss, 0.000000 rate, 23.446000 seconds, 3328 images, 115.249676 hours left
Loaded: 0.000000 seconds

 53: 1562.527466, 1907.206421 avg loss, 0.000000 rate, 23.414000 seconds, 3392 images, 114.940453 hours left
Loaded: 0.000000 seconds

 54: 1560.115967, 1872.497314 avg loss, 0.000000 rate, 23.416000 seconds, 3456 images, 114.633107 hours left
Loaded: 0.000000 seconds

 55: 1556.775146, 1840.925049 avg loss, 0.000000 rate, 23.440000 seconds, 3520 images, 114.328842 hours left
Loaded: 0.000000 seconds

 56: 1549.271118, 1811.759644 avg loss, 0.000000 rate, 23.498000 seconds, 3584 images, 114.028417 hours left
Loaded: 0.000000 seconds

 57: 1546.143677, 1785.197998 avg loss, 0.000000 rate, 23.420000 seconds, 3648 images, 113.733016 hours left
Loaded: 0.000000 seconds

 58: 1536.732910, 1760.351440 avg loss, 0.000000 rate, 23.489000 seconds, 3712 images, 113.437700 hours left
Loaded: 0.000000 seconds

 59: 1529.414307, 1737.257690 avg loss, 0.000000 rate, 23.438000 seconds, 3776 images, 113.147753 hours left
Loaded: 0.000000 seconds

 60: 1522.107544, 1715.742676 avg loss, 0.000000 rate, 23.567000 seconds, 3840 images, 112.858806 hours left
Resizing, random_coef = 1.40 

 544 x 544 
 try to allocate additional workspace_size = 52.43 MB 
 CUDA allocate done! 
Loaded: 0.000000 seconds

 61: 1704.009521, 1714.569336 avg loss, 0.000000 rate, 28.869000 seconds, 3904 images, 112.577321 hours left
Loaded: 0.000000 seconds

 62: 1696.938110, 1712.806152 avg loss, 0.000000 rate, 28.921000 seconds, 3968 images, 112.489147 hours left
Loaded: 0.000000 seconds

 63: 1684.207031, 1709.946289 avg loss, 0.000000 rate, 28.863000 seconds, 4032 images, 112.403645 hours left
Loaded: 0.000000 seconds

 64: 1671.178223, 1706.069458 avg loss, 0.000000 rate, 28.811000 seconds, 4096 images, 112.316832 hours left
Loaded: 0.000000 seconds

 65: 1664.544556, 1701.916992 avg loss, 0.000000 rate, 28.805000 seconds, 4160 images, 112.228939 hours left
Loaded: 0.000000 seconds

 66: 1651.872070, 1696.912476 avg loss, 0.000000 rate, 28.843000 seconds, 4224 images, 112.141629 hours left
Loaded: 0.000000 seconds

 67: 1637.129639, 1690.934204 avg loss, 0.000000 rate, 28.854000 seconds, 4288 images, 112.056478 hours left
Loaded: 0.000000 seconds

 68: 1626.119873, 1684.452759 avg loss, 0.000000 rate, 28.866000 seconds, 4352 images, 111.972493 hours left
Loaded: 0.000000 seconds

 69: 1610.768066, 1677.084229 avg loss, 0.000000 rate, 28.871000 seconds, 4416 images, 111.889699 hours left
Loaded: 0.000000 seconds

 70: 1594.839478, 1668.859741 avg loss, 0.000000 rate, 28.906000 seconds, 4480 images, 111.807832 hours left
Resizing, random_coef = 1.40 

 480 x 480 
 try to allocate additional workspace_size = 52.43 MB 
 CUDA allocate done! 
Loaded: 0.000000 seconds

 71: 1234.509521, 1625.424683 avg loss, 0.000000 rate, 21.823000 seconds, 4544 images, 111.727961 hours left
Loaded: 0.000000 seconds

 72: 1221.069824, 1584.989258 avg loss, 0.000000 rate, 21.786000 seconds, 4608 images, 111.394430 hours left
Loaded: 0.000000 seconds

 73: 1207.275269, 1547.217896 avg loss, 0.000000 rate, 21.788000 seconds, 4672 images, 111.062846 hours left
Loaded: 0.000000 seconds

 74: 1195.137207, 1512.009766 avg loss, 0.000000 rate, 21.828000 seconds, 4736 images, 110.734588 hours left
Loaded: 0.000000 seconds

 75: 1181.419678, 1478.950806 avg loss, 0.000000 rate, 21.852000 seconds, 4800 images, 110.410988 hours left
Loaded: 0.000000 seconds

 76: 1167.259644, 1447.781738 avg loss, 0.000000 rate, 21.830000 seconds, 4864 images, 110.091426 hours left
Loaded: 0.000000 seconds

 77: 1153.259033, 1418.329468 avg loss, 0.000000 rate, 21.804000 seconds, 4928 images, 109.774209 hours left
Loaded: 0.000000 seconds

 78: 1137.520386, 1390.248535 avg loss, 0.000000 rate, 21.811000 seconds, 4992 images, 109.459170 hours left
Loaded: 0.000000 seconds

 79: 1123.107788, 1363.534424 avg loss, 0.000000 rate, 21.791000 seconds, 5056 images, 109.147472 hours left
Loaded: 0.000000 seconds

 80: 1107.301636, 1337.911133 avg loss, 0.000000 rate, 21.777000 seconds, 5120 images, 108.838112 hours left
Resizing, random_coef = 1.40 

 384 x 384 
 try to allocate additional workspace_size = 52.43 MB 
 CUDA allocate done! 
Loaded: 0.000000 seconds

 81: 699.259827, 1274.046021 avg loss, 0.000000 rate, 18.308000 seconds, 5184 images, 108.531284 hours left
Loaded: 0.000000 seconds

 82: 689.125183, 1215.553955 avg loss, 0.000000 rate, 18.341000 seconds, 5248 images, 108.102974 hours left
Loaded: 0.001000 seconds

 83: 677.203552, 1161.718872 avg loss, 0.000000 rate, 18.339000 seconds, 5312 images, 107.680080 hours left
Loaded: 0.000000 seconds

 84: 666.737915, 1112.220825 avg loss, 0.000000 rate, 18.368000 seconds, 5376 images, 107.261329 hours left
Loaded: 0.000000 seconds

 85: 656.718506, 1066.670654 avg loss, 0.000000 rate, 18.367000 seconds, 5440 images, 106.847718 hours left
Loaded: 0.000000 seconds

 86: 646.296448, 1024.633179 avg loss, 0.000000 rate, 18.340000 seconds, 5504 images, 106.438157 hours left
Loaded: 0.000000 seconds

 87: 635.363831, 985.706238 avg loss, 0.000000 rate, 18.316000 seconds, 5568 images, 106.031672 hours left
Loaded: 0.000000 seconds

 88: 624.389343, 949.574524 avg loss, 0.000000 rate, 18.315000 seconds, 5632 images, 105.628340 hours left
Loaded: 0.000000 seconds

 89: 614.731018, 916.090149 avg loss, 0.000000 rate, 18.323000 seconds, 5696 images, 105.228955 hours left
Loaded: 0.000000 seconds

 90: 603.486572, 884.829773 avg loss, 0.000000 rate, 18.326000 seconds, 5760 images, 104.833799 hours left
Resizing, random_coef = 1.40 

 352 x 352 
 try to allocate additional workspace_size = 52.43 MB 
 CUDA allocate done! 
Loaded: 0.000000 seconds

 91: 498.096130, 846.156433 avg loss, 0.000000 rate, 16.652000 seconds, 5824 images, 104.442652 hours left
Loaded: 0.000000 seconds

 92: 488.429260, 810.383728 avg loss, 0.000000 rate, 16.650000 seconds, 5888 images, 103.995339 hours left
Loaded: 0.001000 seconds

 93: 478.846008, 777.229980 avg loss, 0.000000 rate, 16.658000 seconds, 5952 images, 103.552380 hours left
Loaded: 0.000000 seconds

 94: 469.990326, 746.506042 avg loss, 0.000000 rate, 16.683000 seconds, 6016 images, 103.114128 hours left
Loaded: 0.000000 seconds

 95: 461.718689, 718.027283 avg loss, 0.000000 rate, 16.657000 seconds, 6080 images, 102.681072 hours left
Loaded: 0.000000 seconds

 96: 453.582031, 691.582764 avg loss, 0.000000 rate, 16.650000 seconds, 6144 images, 102.251369 hours left
Loaded: 0.000000 seconds

 97: 443.405823, 666.765076 avg loss, 0.000000 rate, 16.670000 seconds, 6208 images, 101.825665 hours left
Loaded: 0.000000 seconds

 98: 434.218262, 643.510376 avg loss, 0.000000 rate, 16.630000 seconds, 6272 images, 101.404889 hours left
Loaded: 0.000000 seconds

 99: 424.963562, 621.655701 avg loss, 0.000000 rate, 16.709000 seconds, 6336 images, 100.986841 hours left
Loaded: 0.000000 seconds

 100: 414.879974, 600.978149 avg loss, 0.000000 rate, 16.652000 seconds, 6400 images, 100.575794 hours left
Resizing, random_coef = 1.40 

 544 x 544 
 try to allocate additional workspace_size = 52.43 MB 
 CUDA allocate done! 
Loaded: 0.000000 seconds

 101: 991.271301, 640.007446 avg loss, 0.000000 rate, 28.900000 seconds, 6464 images, 100.166732 hours left
Loaded: 0.000000 seconds

 102: 971.782654, 673.184937 avg loss, 0.000000 rate, 28.886000 seconds, 6528 images, 100.200568 hours left
Loaded: 0.000000 seconds

 103: 946.352661, 700.501709 avg loss, 0.000000 rate, 28.867000 seconds, 6592 images, 100.233484 hours left
Loaded: 0.000000 seconds

 104: 917.562317, 722.207764 avg loss, 0.000000 rate, 28.849000 seconds, 6656 images, 100.265309 hours left
Loaded: 0.000000 seconds

 105: 887.245850, 738.711548 avg loss, 0.000000 rate, 28.860000 seconds, 6720 images, 100.296091 hours left
Loaded: 0.000000 seconds

 106: 860.843628, 750.924744 avg loss, 0.000000 rate, 28.857000 seconds, 6784 images, 100.326880 hours left
Loaded: 0.000000 seconds

 107: 822.937256, 758.125977 avg loss, 0.000000 rate, 28.833000 seconds, 6848 images, 100.357172 hours left
Loaded: 0.000000 seconds

 108: 789.517151, 761.265076 avg loss, 0.000000 rate, 28.866000 seconds, 6912 images, 100.386222 hours left
Loaded: 0.000000 seconds

 109: 753.753540, 760.513916 avg loss, 0.000000 rate, 28.836000 seconds, 6976 images, 100.416084 hours left
Loaded: 0.000000 seconds

 110: 720.812256, 756.543762 avg loss, 0.000000 rate, 28.922000 seconds, 7040 images, 100.444492 hours left
Resizing, random_coef = 1.40 

 416 x 416 
 try to allocate additional workspace_size = 52.43 MB 
 CUDA allocate done! 
Loaded: 0.000000 seconds

 111: 391.787476, 720.068115 avg loss, 0.000000 rate, 18.285000 seconds, 7104 images, 100.475615 hours left
Loaded: 0.000000 seconds

 112: 371.153076, 685.176636 avg loss, 0.000000 rate, 18.248000 seconds, 7168 images, 100.125513 hours left
Loaded: 0.000000 seconds

 113: 354.329132, 652.091858 avg loss, 0.000000 rate, 18.275000 seconds, 7232 images, 99.777536 hours left
Loaded: 0.000000 seconds

 114: 331.574188, 620.040100 avg loss, 0.000000 rate, 18.268000 seconds, 7296 images, 99.433955 hours left
Loaded: 0.000000 seconds

 115: 315.839661, 589.620056 avg loss, 0.000000 rate, 18.258000 seconds, 7360 images, 99.093509 hours left
Loaded: 0.000000 seconds

 116: 298.503296, 560.508362 avg loss, 0.000000 rate, 18.271000 seconds, 7424 images, 98.756058 hours left
Loaded: 0.000000 seconds

 117: 282.266815, 532.684204 avg loss, 0.000000 rate, 18.274000 seconds, 7488 images, 98.422396 hours left
Loaded: 0.000000 seconds

 118: 266.339478, 506.049744 avg loss, 0.000000 rate, 18.271000 seconds, 7552 images, 98.092127 hours left
Loaded: 0.000000 seconds

 119: 253.716370, 480.816406 avg loss, 0.000000 rate, 18.264000 seconds, 7616 images, 97.765003 hours left
Loaded: 0.000000 seconds

 120: 238.813751, 456.616150 avg loss, 0.000000 rate, 18.261000 seconds, 7680 images, 97.440849 hours left
Resizing, random_coef = 1.40 

 352 x 352 
 try to allocate additional workspace_size = 52.43 MB 
 CUDA allocate done! 
Loaded: 0.000000 seconds

 121: 160.635132, 427.018036 avg loss, 0.000000 rate, 16.673000 seconds, 7744 images, 97.119779 hours left
Loaded: 0.000000 seconds

 122: 149.561600, 399.272400 avg loss, 0.000000 rate, 16.679000 seconds, 7808 images, 96.745058 hours left
Loaded: 0.000000 seconds

 123: 141.859192, 373.531067 avg loss, 0.000000 rate, 16.702000 seconds, 7872 images, 96.374252 hours left
Loaded: 0.000000 seconds

 124: 134.530151, 349.630981 avg loss, 0.000000 rate, 16.643000 seconds, 7936 images, 96.007931 hours left
Loaded: 0.001000 seconds

 125: 128.347137, 327.502594 avg loss, 0.000000 rate, 16.645000 seconds, 8000 images, 95.643116 hours left
Loaded: 0.000000 seconds

 126: 121.589302, 306.911255 avg loss, 0.000000 rate, 16.657000 seconds, 8064 images, 95.282011 hours left
Loaded: 0.000000 seconds

 127: 115.314865, 287.751617 avg loss, 0.000000 rate, 16.644000 seconds, 8128 images, 94.924863 hours left
Loaded: 0.000000 seconds

 128: 110.100998, 269.986542 avg loss, 0.000000 rate, 16.662000 seconds, 8192 images, 94.570776 hours left
Loaded: 0.000000 seconds

 129: 105.495735, 253.537460 avg loss, 0.000000 rate, 16.703000 seconds, 8256 images, 94.220828 hours left
Loaded: 0.000000 seconds

 130: 100.023552, 238.186066 avg loss, 0.000000 rate, 16.666000 seconds, 8320 images, 93.875798 hours left
Resizing, random_coef = 1.40 

 512 x 512 
 try to allocate additional workspace_size = 52.43 MB 
 CUDA allocate done! 
Loaded: 0.000000 seconds

 131: 208.281799, 235.195633 avg loss, 0.000000 rate, 23.413000 seconds, 8384 images, 93.532850 hours left
Loaded: 0.000000 seconds

 132: 194.505325, 231.126602 avg loss, 0.000000 rate, 23.389000 seconds, 8448 images, 93.434471 hours left
Loaded: 0.000000 seconds

 133: 184.843979, 226.498337 avg loss, 0.000000 rate, 23.441000 seconds, 8512 images, 93.336153 hours left
Loaded: 0.000000 seconds

 134: 175.917969, 221.440308 avg loss, 0.000000 rate, 23.485000 seconds, 8576 images, 93.240612 hours left
Loaded: 0.000000 seconds

 135: 164.898712, 215.786148 avg loss, 0.000000 rate, 23.421000 seconds, 8640 images, 93.147533 hours left
Loaded: 0.000000 seconds

 136: 156.052994, 209.812836 avg loss, 0.000000 rate, 23.447000 seconds, 8704 images, 93.053034 hours left
Loaded: 0.000000 seconds

 137: 145.452454, 203.376801 avg loss, 0.000000 rate, 23.430000 seconds, 8768 images, 92.960343 hours left
Loaded: 0.000000 seconds

 138: 135.012711, 196.540390 avg loss, 0.000000 rate, 23.443000 seconds, 8832 images, 92.867906 hours left
Loaded: 0.000000 seconds

 139: 125.241646, 189.410522 avg loss, 0.000000 rate, 23.391000 seconds, 8896 images, 92.776793 hours left
Loaded: 0.000000 seconds

 140: 116.635162, 182.132980 avg loss, 0.000000 rate, 23.399000 seconds, 8960 images, 92.684669 hours left
Resizing, random_coef = 1.40 

 512 x 512 
 try to allocate additional workspace_size = 52.43 MB 
 CUDA allocate done! 
Loaded: 0.000000 seconds

 141: 108.824631, 174.802139 avg loss, 0.000000 rate, 23.405000 seconds, 9024 images, 92.593687 hours left
Loaded: 0.000000 seconds

 142: 103.077682, 167.629700 avg loss, 0.000000 rate, 23.459000 seconds, 9088 images, 92.503763 hours left
Loaded: 0.000000 seconds

 143: 92.237228, 160.090454 avg loss, 0.000000 rate, 23.379000 seconds, 9152 images, 92.416603 hours left
Loaded: 0.000000 seconds

 144: 86.485573, 152.729965 avg loss, 0.000000 rate, 23.442000 seconds, 9216 images, 92.327392 hours left
Loaded: 0.000000 seconds

 145: 79.206345, 145.377609 avg loss, 0.000000 rate, 23.447000 seconds, 9280 images, 92.241258 hours left
Loaded: 0.000000 seconds

 146: 74.711655, 138.311020 avg loss, 0.000000 rate, 23.458000 seconds, 9344 images, 92.156099 hours left
Loaded: 0.001000 seconds

 147: 68.609520, 131.340866 avg loss, 0.000000 rate, 23.401000 seconds, 9408 images, 92.072119 hours left
Loaded: 0.000000 seconds

 148: 61.845879, 124.391365 avg loss, 0.000000 rate, 23.408000 seconds, 9472 images, 91.986914 hours left
Loaded: 0.001000 seconds

 149: 57.670956, 117.719322 avg loss, 0.000000 rate, 23.394000 seconds, 9536 images, 91.902710 hours left
Loaded: 0.000000 seconds

 150: 54.637356, 111.411125 avg loss, 0.000001 rate, 23.414000 seconds, 9600 images, 91.818820 hours left
Resizing, random_coef = 1.40 

 576 x 576 
 try to allocate additional workspace_size = 52.43 MB 
 CUDA allocate done! 
Loaded: 0.000000 seconds

 151: 63.661152, 106.636131 avg loss, 0.000001 rate, 31.702000 seconds, 9664 images, 91.736381 hours left
Loaded: 0.000000 seconds

 152: 58.731174, 101.845634 avg loss, 0.000001 rate, 31.752000 seconds, 9728 images, 91.950515 hours left
Loaded: 0.000000 seconds

 153: 52.908978, 96.951965 avg loss, 0.000001 rate, 31.646000 seconds, 9792 images, 92.164203 hours left
Loaded: 0.000000 seconds

 154: 50.118362, 92.268608 avg loss, 0.000001 rate, 31.690000 seconds, 9856 images, 92.371884 hours left
Loaded: 0.000000 seconds

 155: 45.079483, 87.549698 avg loss, 0.000001 rate, 31.701000 seconds, 9920 images, 92.578970 hours left
Loaded: 0.000000 seconds

 156: 41.946709, 82.989395 avg loss, 0.000001 rate, 31.675000 seconds, 9984 images, 92.784289 hours left
Loaded: 0.000000 seconds

 157: 38.478157, 78.538269 avg loss, 0.000001 rate, 31.698000 seconds, 10048 images, 92.986540 hours left
Loaded: 0.000000 seconds

 158: 35.340515, 74.218491 avg loss, 0.000001 rate, 31.717000 seconds, 10112 images, 93.187501 hours left
Loaded: 0.000000 seconds

 159: 32.463055, 70.042946 avg loss, 0.000001 rate, 31.746000 seconds, 10176 images, 93.387042 hours left
Loaded: 0.000000 seconds

 160: 29.834059, 66.022057 avg loss, 0.000001 rate, 31.708000 seconds, 10240 images, 93.585533 hours left
Resizing, random_coef = 1.40 

 384 x 384 
 try to allocate additional workspace_size = 52.43 MB 
 CUDA allocate done! 
Loaded: 0.000000 seconds

 161: 12.898718, 60.709724 avg loss, 0.000001 rate, 18.348000 seconds, 10304 images, 93.780597 hours left
Loaded: 0.000000 seconds

 162: 12.531199, 55.891872 avg loss, 0.000001 rate, 18.385000 seconds, 10368 images, 93.497152 hours left
Loaded: 0.000000 seconds

 163: 11.235760, 51.426262 avg loss, 0.000001 rate, 18.365000 seconds, 10432 images, 93.217810 hours left
Loaded: 0.000000 seconds

 164: 10.392291, 47.322865 avg loss, 0.000001 rate, 18.342000 seconds, 10496 images, 92.940497 hours left
Loaded: 0.000000 seconds

 165: 9.836915, 43.574268 avg loss, 0.000001 rate, 18.330000 seconds, 10560 images, 92.665086 hours left
Loaded: 0.000000 seconds

 166: 9.361938, 40.153034 avg loss, 0.000001 rate, 18.349000 seconds, 10624 images, 92.391951 hours left
Loaded: 0.000000 seconds

 167: 8.703650, 37.008095 avg loss, 0.000001 rate, 18.346000 seconds, 10688 images, 92.122173 hours left
Loaded: 0.000000 seconds

 168: 8.710759, 34.178360 avg loss, 0.000001 rate, 18.322000 seconds, 10752 images, 91.854935 hours left
Loaded: 0.000000 seconds

 169: 8.463799, 31.606903 avg loss, 0.000001 rate, 18.349000 seconds, 10816 images, 91.589463 hours left
Loaded: 0.000000 seconds

 170: 7.301692, 29.176382 avg loss, 0.000001 rate, 18.330000 seconds, 10880 images, 91.327558 hours left
Resizing, random_coef = 1.40 

 384 x 384 
 try to allocate additional workspace_size = 52.43 MB 
 CUDA allocate done! 
Loaded: 0.000000 seconds

 171: 7.827967, 27.041540 avg loss, 0.000001 rate, 18.369000 seconds, 10944 images, 91.067543 hours left
Loaded: 0.000000 seconds

 172: 7.220436, 25.059429 avg loss, 0.000001 rate, 18.338000 seconds, 11008 images, 90.811467 hours left
Loaded: 0.000000 seconds

 173: 7.001734, 23.253660 avg loss, 0.000001 rate, 18.351000 seconds, 11072 images, 90.556797 hours left
Loaded: 0.000000 seconds

 174: 6.754781, 21.603773 avg loss, 0.000001 rate, 18.332000 seconds, 11136 images, 90.305121 hours left
Loaded: 0.000000 seconds

 175: 6.882733, 20.131670 avg loss, 0.000001 rate, 18.375000 seconds, 11200 images, 90.055198 hours left
Loaded: 0.000000 seconds

 176: 6.451154, 18.763618 avg loss, 0.000001 rate, 18.355000 seconds, 11264 images, 89.809255 hours left
Loaded: 0.000000 seconds

 177: 5.965984, 17.483854 avg loss, 0.000001 rate, 18.354000 seconds, 11328 images, 89.565009 hours left
Loaded: 0.000000 seconds

 178: 5.454193, 16.280888 avg loss, 0.000001 rate, 18.302000 seconds, 11392 images, 89.323118 hours left
Loaded: 0.000000 seconds

 179: 5.331357, 15.185935 avg loss, 0.000001 rate, 18.380000 seconds, 11456 images, 89.081743 hours left
Loaded: 0.000000 seconds

 180: 5.957022, 14.263043 avg loss, 0.000001 rate, 18.352000 seconds, 11520 images, 88.845509 hours left
Resizing, random_coef = 1.40 

 416 x 416 
 try to allocate additional workspace_size = 52.43 MB 
 CUDA allocate done! 
Loaded: 0.000000 seconds

 181: 5.661230, 13.402862 avg loss, 0.000001 rate, 18.298000 seconds, 11584 images, 88.610589 hours left
Loaded: 0.001000 seconds

 182: 5.899964, 12.652572 avg loss, 0.000001 rate, 18.250000 seconds, 11648 images, 88.376044 hours left
Loaded: 0.000000 seconds

 183: 5.491961, 11.936511 avg loss, 0.000001 rate, 18.281000 seconds, 11712 images, 88.142121 hours left
Loaded: 0.000000 seconds

 184: 5.208037, 11.263663 avg loss, 0.000001 rate, 18.271000 seconds, 11776 images, 87.911554 hours left
Loaded: 0.000000 seconds

 185: 5.258402, 10.663137 avg loss, 0.000001 rate, 18.232000 seconds, 11840 images, 87.682886 hours left
Loaded: 0.000000 seconds

 186: 4.831994, 10.080023 avg loss, 0.000001 rate, 18.252000 seconds, 11904 images, 87.455066 hours left
Loaded: 0.000000 seconds

 187: 5.258022, 9.597823 avg loss, 0.000001 rate, 18.288000 seconds, 11968 images, 87.230185 hours left
Loaded: 0.000000 seconds

 188: 4.703368, 9.108377 avg loss, 0.000001 rate, 18.288000 seconds, 12032 images, 87.008783 hours left
Loaded: 0.000000 seconds

 189: 4.855062, 8.683046 avg loss, 0.000001 rate, 18.320000 seconds, 12096 images, 86.789545 hours left
Loaded: 0.000000 seconds

 190: 5.116284, 8.326370 avg loss, 0.000001 rate, 18.286000 seconds, 12160 images, 86.573587 hours left
Resizing, random_coef = 1.40 

 416 x 416 
 try to allocate additional workspace_size = 52.43 MB 
 CUDA allocate done! 
Loaded: 0.000000 seconds

 191: 4.352852, 7.929018 avg loss, 0.000001 rate, 18.253000 seconds, 12224 images, 86.358528 hours left
Loaded: 0.000000 seconds

 192: 4.320565, 7.568173 avg loss, 0.000001 rate, 18.296000 seconds, 12288 images, 86.144395 hours left
Loaded: 0.000000 seconds

 193: 4.936604, 7.305017 avg loss, 0.000001 rate, 18.295000 seconds, 12352 images, 85.933882 hours left
Loaded: 0.000000 seconds

 194: 4.255054, 7.000020 avg loss, 0.000001 rate, 18.280000 seconds, 12416 images, 85.725388 hours left
Loaded: 0.000000 seconds

 195: 4.621654, 6.762183 avg loss, 0.000001 rate, 18.300000 seconds, 12480 images, 85.518394 hours left
Loaded: 0.001000 seconds

 196: 3.870966, 6.473062 avg loss, 0.000001 rate, 18.271000 seconds, 12544 images, 85.314166 hours left
Loaded: 0.000000 seconds

 197: 3.845556, 6.210311 avg loss, 0.000002 rate, 18.278000 seconds, 12608 images, 85.110899 hours left
Loaded: 0.000000 seconds

 198: 4.632939, 6.052574 avg loss, 0.000002 rate, 18.328000 seconds, 12672 images, 84.909827 hours left
Loaded: 0.001000 seconds

 199: 3.922803, 5.839597 avg loss, 0.000002 rate, 18.299000 seconds, 12736 images, 84.712492 hours left
Loaded: 0.000000 seconds

 200: 4.074903, 5.663127 avg loss, 0.000002 rate, 18.309000 seconds, 12800 images, 84.516085 hours left
Resizing, random_coef = 1.40 

 544 x 544 
 try to allocate additional workspace_size = 52.43 MB 
 CUDA allocate done! 
Loaded: 0.000000 seconds

 201: 4.842549, 5.581069 avg loss, 0.000002 rate, 28.836000 seconds, 12864 images, 84.321911 hours left
Loaded: 0.000000 seconds

 202: 4.478393, 5.470802 avg loss, 0.000002 rate, 28.818000 seconds, 12928 images, 84.503892 hours left
Loaded: 0.000000 seconds

 203: 4.798919, 5.403614 avg loss, 0.000002 rate, 28.847000 seconds, 12992 images, 84.683333 hours left
Loaded: 0.000000 seconds

 204: 4.095387, 5.272791 avg loss, 0.000002 rate, 28.817000 seconds, 13056 images, 84.861930 hours left
Loaded: 0.000000 seconds

 205: 4.228378, 5.168350 avg loss, 0.000002 rate, 28.812000 seconds, 13120 images, 85.037595 hours left
Loaded: 0.000000 seconds

 206: 4.139319, 5.065447 avg loss, 0.000002 rate, 28.866000 seconds, 13184 images, 85.211246 hours left
Loaded: 0.000000 seconds

 207: 4.583967, 5.017299 avg loss, 0.000002 rate, 28.863000 seconds, 13248 images, 85.384999 hours left
Loaded: 0.000000 seconds

 208: 4.237953, 4.939364 avg loss, 0.000002 rate, 28.831000 seconds, 13312 images, 85.556827 hours left
Loaded: 0.000000 seconds

 209: 3.762969, 4.821724 avg loss, 0.000002 rate, 28.841000 seconds, 13376 images, 85.725721 hours left
Loaded: 0.000000 seconds

 210: 3.640942, 4.703646 avg loss, 0.000002 rate, 28.860000 seconds, 13440 images, 85.893200 hours left
Resizing, random_coef = 1.40 

 512 x 512 
 try to allocate additional workspace_size = 52.43 MB 
 CUDA allocate done! 
Loaded: 0.000000 seconds

 211: 3.750817, 4.608363 avg loss, 0.000002 rate, 23.389000 seconds, 13504 images, 86.059600 hours left
Loaded: 0.000000 seconds

 212: 3.695387, 4.517066 avg loss, 0.000002 rate, 23.430000 seconds, 13568 images, 86.029898 hours left
Loaded: 0.001000 seconds

 213: 4.064507, 4.471810 avg loss, 0.000002 rate, 23.405000 seconds, 13632 images, 86.001920 hours left
Loaded: 0.000000 seconds

 214: 3.559271, 4.380556 avg loss, 0.000002 rate, 23.407000 seconds, 13696 images, 85.973269 hours left
Loaded: 0.000000 seconds

 215: 3.465703, 4.289071 avg loss, 0.000002 rate, 23.411000 seconds, 13760 images, 85.944875 hours left
Loaded: 0.000000 seconds

 216: 3.470101, 4.207174 avg loss, 0.000002 rate, 23.397000 seconds, 13824 images, 85.916842 hours left
Loaded: 0.000000 seconds

 217: 3.024109, 4.088867 avg loss, 0.000002 rate, 23.409000 seconds, 13888 images, 85.888527 hours left
Loaded: 0.001000 seconds

 218: 3.208086, 4.000789 avg loss, 0.000002 rate, 23.391000 seconds, 13952 images, 85.860856 hours left
Loaded: 0.000000 seconds

 219: 3.364878, 3.937198 avg loss, 0.000002 rate, 23.451000 seconds, 14016 images, 85.832794 hours left
Loaded: 0.000000 seconds

 220: 2.930923, 3.836571 avg loss, 0.000002 rate, 23.387000 seconds, 14080 images, 85.807042 hours left
Resizing, random_coef = 1.40 

 352 x 352 
 try to allocate additional workspace_size = 52.43 MB 
 CUDA allocate done! 
Loaded: 0.000000 seconds

 221: 2.368151, 3.689729 avg loss, 0.000002 rate, 16.669000 seconds, 14144 images, 85.779210 hours left
Loaded: 0.000000 seconds

 222: 2.880727, 3.608829 avg loss, 0.000002 rate, 16.675000 seconds, 14208 images, 85.513121 hours left
Loaded: 0.000000 seconds

 223: 2.747481, 3.522694 avg loss, 0.000002 rate, 16.653000 seconds, 14272 images, 85.249859 hours left
Loaded: 0.000000 seconds

 224: 2.690611, 3.439486 avg loss, 0.000003 rate, 16.653000 seconds, 14336 images, 84.988403 hours left
Loaded: 0.000000 seconds

 225: 2.739914, 3.369529 avg loss, 0.000003 rate, 16.648000 seconds, 14400 images, 84.729516 hours left
Loaded: 0.000000 seconds

 226: 2.610672, 3.293643 avg loss, 0.000003 rate, 16.668000 seconds, 14464 images, 84.472994 hours left
Loaded: 0.000000 seconds

 227: 2.494786, 3.213757 avg loss, 0.000003 rate, 16.675000 seconds, 14528 images, 84.219700 hours left
Loaded: 0.000000 seconds

 228: 2.610623, 3.153444 avg loss, 0.000003 rate, 16.657000 seconds, 14592 images, 83.969141 hours left
Loaded: 0.000000 seconds

 229: 2.131190, 3.051219 avg loss, 0.000003 rate, 16.618000 seconds, 14656 images, 83.720403 hours left
Loaded: 0.000000 seconds

 230: 2.288291, 2.974926 avg loss, 0.000003 rate, 16.676000 seconds, 14720 images, 83.472723 hours left
Resizing, random_coef = 1.40 

 416 x 416 
 try to allocate additional workspace_size = 52.43 MB 
 CUDA allocate done! 
Loaded: 0.000000 seconds

 231: 2.529665, 2.930400 avg loss, 0.000003 rate, 18.297000 seconds, 14784 images, 83.229530 hours left
Loaded: 0.000000 seconds

 232: 2.149295, 2.852289 avg loss, 0.000003 rate, 18.263000 seconds, 14848 images, 83.046219 hours left
Loaded: 0.000000 seconds

 233: 2.876387, 2.854699 avg loss, 0.000003 rate, 18.295000 seconds, 14912 images, 82.863485 hours left
Loaded: 0.000000 seconds

 234: 2.615517, 2.830781 avg loss, 0.000003 rate, 18.306000 seconds, 14976 images, 82.683662 hours left
Loaded: 0.000000 seconds

 235: 2.169472, 2.764650 avg loss, 0.000003 rate, 18.243000 seconds, 15040 images, 82.506012 hours left
Loaded: 0.000000 seconds

 236: 2.072729, 2.695458 avg loss, 0.000003 rate, 18.274000 seconds, 15104 images, 82.327818 hours left
Loaded: 0.001000 seconds

 237: 2.693725, 2.695284 avg loss, 0.000003 rate, 18.287000 seconds, 15168 images, 82.152455 hours left
Loaded: 0.000000 seconds

 238: 2.155376, 2.641294 avg loss, 0.000003 rate, 18.206000 seconds, 15232 images, 81.979290 hours left
Loaded: 0.000000 seconds

 239: 3.140470, 2.691211 avg loss, 0.000003 rate, 18.294000 seconds, 15296 images, 81.804900 hours left
Loaded: 0.000000 seconds

 240: 2.454159, 2.667506 avg loss, 0.000003 rate, 18.251000 seconds, 15360 images, 81.635323 hours left
Resizing, random_coef = 1.40 

 384 x 384 
 try to allocate additional workspace_size = 52.43 MB 
 CUDA allocate done! 
Loaded: 0.000000 seconds

 241: 2.512656, 2.652021 avg loss, 0.000003 rate, 18.329000 seconds, 15424 images, 81.465866 hours left
Loaded: 0.000000 seconds

 242: 2.460697, 2.632889 avg loss, 0.000003 rate, 18.332000 seconds, 15488 images, 81.300818 hours left
Loaded: 0.000000 seconds

 243: 2.454704, 2.615070 avg loss, 0.000003 rate, 18.346000 seconds, 15552 images, 81.137511 hours left
Loaded: 0.000000 seconds

 244: 2.079543, 2.561517 avg loss, 0.000004 rate, 18.314000 seconds, 15616 images, 80.976246 hours left
Loaded: 0.000000 seconds

 245: 2.222598, 2.527626 avg loss, 0.000004 rate, 18.319000 seconds, 15680 images, 80.815410 hours left
Loaded: 0.000000 seconds

 246: 2.592963, 2.534159 avg loss, 0.000004 rate, 18.344000 seconds, 15744 images, 80.656344 hours left
Loaded: 0.000000 seconds

 247: 2.118799, 2.492623 avg loss, 0.000004 rate, 18.352000 seconds, 15808 images, 80.499667 hours left
Loaded: 0.000000 seconds

 248: 2.882283, 2.531589 avg loss, 0.000004 rate, 18.326000 seconds, 15872 images, 80.344790 hours left
Loaded: 0.000000 seconds

 249: 2.530154, 2.531446 avg loss, 0.000004 rate, 18.340000 seconds, 15936 images, 80.190490 hours left
Loaded: 0.000000 seconds

 250: 2.406521, 2.518953 avg loss, 0.000004 rate, 18.322000 seconds, 16000 images, 80.038178 hours left
Resizing, random_coef = 1.40 

 352 x 352 
 try to allocate additional workspace_size = 52.43 MB 
 CUDA allocate done! 
Loaded: 0.000000 seconds

 251: 2.173538, 2.484411 avg loss, 0.000004 rate, 16.647000 seconds, 16064 images, 79.886700 hours left
Loaded: 0.000000 seconds

 252: 2.386657, 2.474636 avg loss, 0.000004 rate, 16.649000 seconds, 16128 images, 79.677368 hours left
Loaded: 0.000000 seconds

 253: 2.846335, 2.511806 avg loss, 0.000004 rate, 16.677000 seconds, 16192 images, 79.470154 hours left
Loaded: 0.000000 seconds

 254: 2.973431, 2.557969 avg loss, 0.000004 rate, 16.684000 seconds, 16256 images, 79.265993 hours left
Loaded: 0.000000 seconds

 255: 2.661345, 2.568306 avg loss, 0.000004 rate, 16.684000 seconds, 16320 images, 79.064039 hours left
Loaded: 0.000000 seconds

 256: 2.067355, 2.518211 avg loss, 0.000004 rate, 16.668000 seconds, 16384 images, 78.864059 hours left
Loaded: 0.000000 seconds

 257: 2.535939, 2.519984 avg loss, 0.000004 rate, 16.689000 seconds, 16448 images, 78.665465 hours left
Loaded: 0.000000 seconds

 258: 2.600660, 2.528052 avg loss, 0.000004 rate, 16.685000 seconds, 16512 images, 78.469555 hours left
Loaded: 0.000000 seconds

 259: 1.676684, 2.442915 avg loss, 0.000004 rate, 16.629000 seconds, 16576 images, 78.275416 hours left
Loaded: 0.000000 seconds

 260: 2.254785, 2.424102 avg loss, 0.000005 rate, 16.633000 seconds, 16640 images, 78.081190 hours left
Resizing, random_coef = 1.40 

 576 x 576 
 try to allocate additional workspace_size = 52.43 MB 
 CUDA allocate done! 
Loaded: 0.000000 seconds

 261: 2.735017, 2.455193 avg loss, 0.000005 rate, 31.640000 seconds, 16704 images, 77.889001 hours left
Loaded: 0.000000 seconds

 262: 2.463973, 2.456071 avg loss, 0.000005 rate, 31.669000 seconds, 16768 images, 78.229728 hours left
Loaded: 0.000000 seconds

 263: 2.777375, 2.488202 avg loss, 0.000005 rate, 31.692000 seconds, 16832 images, 78.567985 hours left
Loaded: 0.000000 seconds

 264: 2.599966, 2.499378 avg loss, 0.000005 rate, 31.658000 seconds, 16896 images, 78.903586 hours left
Loaded: 0.000000 seconds

 265: 2.578128, 2.507253 avg loss, 0.000005 rate, 31.643000 seconds, 16960 images, 79.234540 hours left
Loaded: 0.000000 seconds

 266: 2.236135, 2.480141 avg loss, 0.000005 rate, 31.664000 seconds, 17024 images, 79.561565 hours left
Loaded: 0.000000 seconds

 267: 2.807477, 2.512875 avg loss, 0.000005 rate, 31.715000 seconds, 17088 images, 79.885976 hours left
Loaded: 0.000000 seconds

 268: 2.055469, 2.467134 avg loss, 0.000005 rate, 31.579000 seconds, 17152 images, 80.208858 hours left
Loaded: 0.000000 seconds

 269: 2.045949, 2.425016 avg loss, 0.000005 rate, 31.643000 seconds, 17216 images, 80.523613 hours left
Loaded: 0.000000 seconds

 270: 2.260607, 2.408575 avg loss, 0.000005 rate, 31.653000 seconds, 17280 images, 80.837397 hours left
Resizing, random_coef = 1.40 

 352 x 352 
 try to allocate additional workspace_size = 52.43 MB 
 CUDA allocate done! 
Loaded: 0.000000 seconds

 271: 2.222265, 2.389944 avg loss, 0.000005 rate, 16.650000 seconds, 17344 images, 81.148308 hours left
Loaded: 0.000000 seconds

 272: 2.076875, 2.358637 avg loss, 0.000005 rate, 16.679000 seconds, 17408 images, 80.925541 hours left
Loaded: 0.000000 seconds

 273: 2.691401, 2.391913 avg loss, 0.000006 rate, 16.661000 seconds, 17472 images, 80.705981 hours left
Loaded: 0.000000 seconds

 274: 2.023447, 2.355067 avg loss, 0.000006 rate, 16.683000 seconds, 17536 images, 80.487934 hours left
Loaded: 0.000000 seconds

 275: 2.566843, 2.376245 avg loss, 0.000006 rate, 16.697000 seconds, 17600 images, 80.272799 hours left
Loaded: 0.000000 seconds

 276: 1.929320, 2.331552 avg loss, 0.000006 rate, 16.668000 seconds, 17664 images, 80.060263 hours left
Loaded: 0.000000 seconds

 277: 1.980162, 2.296413 avg loss, 0.000006 rate, 16.645000 seconds, 17728 images, 79.848782 hours left
Loaded: 0.000000 seconds

 278: 1.926363, 2.259408 avg loss, 0.000006 rate, 16.638000 seconds, 17792 images, 79.638556 hours left
Loaded: 0.000000 seconds

 279: 1.925722, 2.226039 avg loss, 0.000006 rate, 16.669000 seconds, 17856 images, 79.430139 hours left
Loaded: 0.001000 seconds

 280: 1.894242, 2.192860 avg loss, 0.000006 rate, 16.674000 seconds, 17920 images, 79.224855 hours left
Resizing, random_coef = 1.40 

 384 x 384 
 try to allocate additional workspace_size = 52.43 MB 
 CUDA allocate done! 
Loaded: 0.000000 seconds

 281: 1.752275, 2.148801 avg loss, 0.000006 rate, 18.298000 seconds, 17984 images, 79.021790 hours left
Loaded: 0.000000 seconds

 282: 2.393633, 2.173284 avg loss, 0.000006 rate, 18.321000 seconds, 18048 images, 78.878050 hours left
Loaded: 0.000000 seconds

 283: 2.187474, 2.174703 avg loss, 0.000006 rate, 18.325000 seconds, 18112 images, 78.736510 hours left
Loaded: 0.001000 seconds

 284: 1.946599, 2.151893 avg loss, 0.000007 rate, 18.337000 seconds, 18176 images, 78.596476 hours left
Loaded: 0.000000 seconds

 285: 1.999764, 2.136680 avg loss, 0.000007 rate, 18.323000 seconds, 18240 images, 78.458250 hours left
Loaded: 0.000000 seconds

 286: 1.956663, 2.118678 avg loss, 0.000007 rate, 18.308000 seconds, 18304 images, 78.320861 hours left
Loaded: 0.000000 seconds

 287: 2.081559, 2.114966 avg loss, 0.000007 rate, 18.332000 seconds, 18368 images, 78.184230 hours left
Loaded: 0.001000 seconds

 288: 2.209170, 2.124387 avg loss, 0.000007 rate, 18.339000 seconds, 18432 images, 78.049762 hours left
Loaded: 0.000000 seconds

 289: 2.226855, 2.134633 avg loss, 0.000007 rate, 18.339000 seconds, 18496 images, 77.916870 hours left
Loaded: 0.000000 seconds

 290: 2.274629, 2.148633 avg loss, 0.000007 rate, 18.343000 seconds, 18560 images, 77.785221 hours left
Resizing, random_coef = 1.40 

 608 x 608 
 try to allocate additional workspace_size = 52.43 MB 
 CUDA allocate done! 
Loaded: 0.000000 seconds

 291: 2.099570, 2.143727 avg loss, 0.000007 rate, 34.429000 seconds, 18624 images, 77.654978 hours left
Loaded: 0.000000 seconds

 292: 1.972115, 2.126565 avg loss, 0.000007 rate, 34.467000 seconds, 18688 images, 78.093868 hours left
Loaded: 0.001000 seconds

 293: 2.504035, 2.164312 avg loss, 0.000007 rate, 34.530000 seconds, 18752 images, 78.529614 hours left
Loaded: 0.000000 seconds

 294: 2.679247, 2.215806 avg loss, 0.000007 rate, 34.584000 seconds, 18816 images, 78.963167 hours left
Loaded: 0.000000 seconds

 295: 2.087868, 2.203012 avg loss, 0.000008 rate, 34.516000 seconds, 18880 images, 79.394158 hours left
Loaded: 0.000000 seconds

 296: 2.276075, 2.210318 avg loss, 0.000008 rate, 34.517000 seconds, 18944 images, 79.818344 hours left
Loaded: 0.000000 seconds

 297: 2.473851, 2.236672 avg loss, 0.000008 rate, 34.496000 seconds, 19008 images, 80.238227 hours left
Loaded: 0.000000 seconds

 298: 2.194592, 2.232464 avg loss, 0.000008 rate, 34.493000 seconds, 19072 images, 80.653074 hours left
Loaded: 0.000000 seconds

 299: 1.840587, 2.193276 avg loss, 0.000008 rate, 34.447000 seconds, 19136 images, 81.063571 hours left
Loaded: 0.000000 seconds

 300: 2.391771, 2.213126 avg loss, 0.000008 rate, 34.522000 seconds, 19200 images, 81.468245 hours left
Resizing, random_coef = 1.40 

 416 x 416 
 try to allocate additional workspace_size = 52.43 MB 
 CUDA allocate done! 
Loaded: 0.001000 seconds

 301: 2.125916, 2.204405 avg loss, 0.000008 rate, 18.347000 seconds, 19264 images, 81.871422 hours left
Loaded: 0.000000 seconds

 302: 2.182419, 2.202206 avg loss, 0.000008 rate, 18.286000 seconds, 19328 images, 81.699933 hours left
Loaded: 0.000000 seconds

 303: 1.998460, 2.181832 avg loss, 0.000008 rate, 18.255000 seconds, 19392 images, 81.527922 hours left
Loaded: 0.000000 seconds

 304: 1.937738, 2.157422 avg loss, 0.000009 rate, 18.297000 seconds, 19456 images, 81.356486 hours left
Loaded: 0.000000 seconds

 305: 2.360218, 2.177702 avg loss, 0.000009 rate, 18.274000 seconds, 19520 images, 81.188196 hours left
Loaded: 0.000000 seconds

 306: 1.555366, 2.115468 avg loss, 0.000009 rate, 18.265000 seconds, 19584 images, 81.020726 hours left
Loaded: 0.000000 seconds

 307: 2.328975, 2.136819 avg loss, 0.000009 rate, 18.310000 seconds, 19648 images, 80.854563 hours left
Loaded: 0.000000 seconds

 308: 1.884609, 2.111598 avg loss, 0.000009 rate, 18.249000 seconds, 19712 images, 80.691598 hours left
Loaded: 0.000000 seconds

 309: 2.004919, 2.100930 avg loss, 0.000009 rate, 18.306000 seconds, 19776 images, 80.528060 hours left
Loaded: 0.000000 seconds

 310: 2.030197, 2.093856 avg loss, 0.000009 rate, 18.253000 seconds, 19840 images, 80.368152 hours left
Resizing, random_coef = 1.40 

 384 x 384 
 try to allocate additional workspace_size = 52.43 MB 
 CUDA allocate done! 
Loaded: 0.007000 seconds

 311: 1.933658, 2.077837 avg loss, 0.000009 rate, 18.359000 seconds, 19904 images, 80.207889 hours left
Loaded: 0.000000 seconds

 312: 1.896888, 2.059742 avg loss, 0.000009 rate, 18.311000 seconds, 19968 images, 80.053160 hours left
Loaded: 0.000000 seconds

 313: 1.957719, 2.049540 avg loss, 0.000010 rate, 18.379000 seconds, 20032 images, 79.897990 hours left
